<?xml version="1.0" encoding="UTF-8"?>
<!-- Generated by org.testng.reporters.JUnitXMLReporter -->
<testsuite ignored="0" hostname="DESKTOP-7H03NUQ" failures="0" tests="3" name="TestRunner-Chrome" time="125.216" errors="0" timestamp="2024-09-26T13:01:47 IST">
  <testcase classname="contact.testngimplementation.CreateContactTest" name="CreateContactWithSupportDateTest" time="21.517"/>
  <testcase classname="contact.testngimplementation.CreateContactTest" name="createContactTest" time="20.581"/>
  <testcase classname="contact.testngimplementation.CreateContactTest" name="createContactWithOrgTest" time="39.247"/>
</testsuite> <!-- TestRunner-Chrome -->
