<?xml version="1.0" encoding="UTF-8"?>
<!-- Generated by org.testng.reporters.JUnitXMLReporter -->
<testsuite ignored="3" hostname="DESKTOP-7H03NUQ" failures="0" tests="1" name="Test" time="31.537" errors="0" timestamp="2024-11-06T11:24:43 IST">
  <testcase classname="orgtestngimplementation.CreateOrganizationTest" name="createOrgTest" time="18.881"/>
  <testcase classname="orgtestngimplementation.CreateOrganizationTest" name="deleteOrg" time="0.0">
    <ignored/>
  </testcase> <!-- deleteOrg -->
  <testcase classname="orgtestngimplementation.CreateOrganizationTest" name="createOrgWithIndustries" time="0.0">
    <ignored/>
  </testcase> <!-- createOrgWithIndustries -->
  <testcase classname="orgtestngimplementation.CreateOrganizationTest" name="createOrgWithPhoneNumber" time="0.0">
    <ignored/>
  </testcase> <!-- createOrgWithPhoneNumber -->
</testsuite> <!-- Test -->
