<?xml version="1.0" encoding="UTF-8"?>
<!-- Generated by org.testng.reporters.JUnitXMLReporter -->
<testsuite ignored="0" hostname="DESKTOP-7H03NUQ" failures="0" tests="3" name="TestRunner-firefox" time="115.244" errors="0" timestamp="2024-09-26T13:01:37 IST">
  <testcase classname="contact.testngimplementation.CreateContactTest" name="CreateContactWithSupportDateTest" time="20.521"/>
  <testcase classname="contact.testngimplementation.CreateContactTest" name="createContactTest" time="20.189"/>
  <testcase classname="contact.testngimplementation.CreateContactTest" name="createContactWithOrgTest" time="37.085"/>
</testsuite> <!-- TestRunner-firefox -->
